<?xml version='1.0'?>
<ns2:test-suite xmlns:ns2='urn:model.allure.qatools.yandex.ru' start='1650811425860' stop='1650811438170'>
    <name>login page feature test</name>
    <title>login page feature test</title>
    <test-cases>
        <test-case start='1650811425860' status='passed' stop='1650811438169'>
            <name>verify login page title</name>
            <title>verify login page title</title>
            <labels>
                <label name='language' value='javascript'/>
                <label name='framework' value='wdio'/>
                <label name='thread' value='0-0'/>
            </labels>
            <parameters>
                <parameter kind='argument' name='browser' value='chrome-100.0.4896.127'/>
            </parameters>
            <steps>
                <step start='1650811425862' status='passed' stop='1650811437968'>
                    <name>POST /session/:sessionId/url</name>
                    <title>POST /session/:sessionId/url</title>
                    <attachments>
                        <attachment title='Request' source='a89078ce-c53a-4248-9fcf-fb280088826d-attachment.json' type='application/json' size='54'/>
                    </attachments>
                    <steps/>
                </step>
                <step start='1650811437970' status='passed' stop='1650811438165'>
                    <name>GET /session/:sessionId/title</name>
                    <title>GET /session/:sessionId/title</title>
                    <attachments>
                        <attachment title='Response' source='cbf7336c-9354-45e3-9adb-019ee46fcb5a-attachment.json' type='application/json' size='10'/>
                    </attachments>
                    <steps>
                        <step start='1650811437973' status='passed' stop='1650811437996'>
                            <name>GET /session/:sessionId/title</name>
                            <title>GET /session/:sessionId/title</title>
                            <attachments>
                                <attachment title='Response' source='48e2d83e-f431-43db-9766-87437a990bfa-attachment.json' type='application/json' size='10'/>
                            </attachments>
                            <steps>
                                <step start='1650811437978' status='passed' stop='1650811437991'>
                                    <name>POST /session/:sessionId/window/maximize</name>
                                    <title>POST /session/:sessionId/window/maximize</title>
                                    <attachments>
                                        <attachment title='Response' source='040c5b51-2143-481b-bc9e-30767161b5fa-attachment.json' type='application/json' size='10'/>
                                    </attachments>
                                    <steps/>
                                </step>
                            </steps>
                        </step>
                        <step start='1650811438001' status='passed' stop='1650811438162'>
                            <name>GET /session/:sessionId/title</name>
                            <title>GET /session/:sessionId/title</title>
                            <attachments>
                                <attachment title='Response' source='73a74671-b2aa-41ac-95f3-c53401d9d484-attachment.json' type='application/json' size='58'/>
                            </attachments>
                            <steps/>
                        </step>
                    </steps>
                </step>
            </steps>
            <attachments/>
        </test-case>
        <test-case start='1650811438170' status='pending' stop='1650811438170'>
            <name>verify Sign in link</name>
            <title>verify Sign in link</title>
            <labels/>
            <parameters/>
            <steps/>
            <attachments/>
            <failure>
                <message>Test ignored</message>
                <stack-trace>undefined</stack-trace>
            </failure>
        </test-case>
        <test-case start='1650811438170' status='pending' stop='1650811438170'>
            <name>Verify Account got created</name>
            <title>Verify Account got created</title>
            <labels/>
            <parameters/>
            <steps/>
            <attachments/>
            <failure>
                <message>Test ignored</message>
                <stack-trace>undefined</stack-trace>
            </failure>
        </test-case>
        <test-case start='1650811438170' status='pending' stop='1650811438170'>
            <name>verify correct name and surname is displayed</name>
            <title>verify correct name and surname is displayed</title>
            <labels/>
            <parameters/>
            <steps/>
            <attachments/>
            <failure>
                <message>Test ignored</message>
                <stack-trace>undefined</stack-trace>
            </failure>
        </test-case>
        <test-case start='1650811438170' status='pending' stop='1650811438170'>
            <name>verify able to add product and product details showing  correctly</name>
            <title>verify able to add product and product details showing  correctly</title>
            <labels/>
            <parameters/>
            <steps/>
            <attachments/>
            <failure>
                <message>Test ignored</message>
                <stack-trace>undefined</stack-trace>
            </failure>
        </test-case>
    </test-cases>
</ns2:test-suite>